
Showing logs for build [32mauth0-environment-jx-release-st-pjxrs-1[0m stage [32mfrom-build-pack[0m and container [32mstep-credential-initializer-vs7gz[0m
{"level":"warn","ts":1570043770.8132727,"logger":"fallback-logger","caller":"logging/config.go:69","msg":"Fetch GitHub commit ID from kodata failed: \"ref: refs/heads/master\" is not a valid GitHub commit ID"}
{"level":"info","ts":1570043770.813647,"logger":"fallback-logger","caller":"creds-init/main.go:40","msg":"Credentials initialized."}

Showing logs for build [32mauth0-environment-jx-release-st-pjxrs-1[0m stage [32mfrom-build-pack[0m and container [32mstep-working-dir-initializer-gxd77[0m
{"level":"warn","ts":1570043771.7487354,"logger":"fallback-logger","caller":"logging/config.go:69","msg":"Fetch GitHub commit ID from kodata failed: open /var/run/ko/HEAD: no such file or directory"}
{"level":"info","ts":1570043771.7502804,"logger":"fallback-logger","caller":"bash/main.go:65","msg":"Successfully executed command \"mkdir -p /workspace/source /workspace/source/env\""}

Showing logs for build [32mauth0-environment-jx-release-st-pjxrs-1[0m stage [32mfrom-build-pack[0m and container [32mstep-place-tools[0m

Showing logs for build [32mauth0-environment-jx-release-st-pjxrs-1[0m stage [32mfrom-build-pack[0m and container [32mstep-git-source-auth0-environment-jx-release-st-q2f7v[0m
{"level":"warn","ts":1570043777.7991614,"logger":"fallback-logger","caller":"logging/config.go:69","msg":"Fetch GitHub commit ID from kodata failed: \"ref: refs/heads/master\" is not a valid GitHub commit ID"}
{"level":"info","ts":1570043777.9521964,"logger":"fallback-logger","caller":"git/git.go:102","msg":"Successfully cloned https://github.com/auth0/environment-**-release-staging.git @ master in path /workspace/source"}

Showing logs for build [32mauth0-environment-jx-release-st-pjxrs-1[0m stage [32mfrom-build-pack[0m and container [32mstep-git-merge[0m
{"level":"info","msg":"Using SHAs from PULL_REFS=master:7f3c1cb7c5c65d3f1cc0db338eb77ba471781bb6,6:e0447c87f8f99c85a52f1a0b20490ef99bb3147b","time":"2019-10-02T19:16:18Z"}
{"level":"debug","msg":"ran git fetch origin e0447c87f8f99c85a52f1a0b20490ef99bb3147b: 7f3c1cb7c5c65d3f1cc0db338eb77ba471781bb6: in ","time":"2019-10-02T19:16:18Z"}
{"level":"debug","msg":"Unshallowed git repo in ","time":"2019-10-02T19:16:18Z"}
{"level":"debug","msg":"ran git checkout master in ","time":"2019-10-02T19:16:18Z"}
{"level":"debug","msg":"ran git reset --hard 7f3c1cb7c5c65d3f1cc0db338eb77ba471781bb6 in ","time":"2019-10-02T19:16:18Z"}
{"level":"debug","msg":"ran clean --force -d . in ","time":"2019-10-02T19:16:18Z"}
{"level":"debug","msg":"ran git merge e0447c87f8f99c85a52f1a0b20490ef99bb3147b in ","time":"2019-10-02T19:16:18Z"}
{"level":"info","msg":"Merged SHA e0447c87f8f99c85a52f1a0b20490ef99bb3147b with commit message 'chore: Promote dadjokes to version 0.0.18' into base branch master","time":"2019-10-02T19:16:18Z"}

Showing logs for build [32mauth0-environment-jx-release-st-pjxrs-1[0m stage [32mfrom-build-pack[0m and container [32mstep-build-helm-build[0m
{"level":"warning","msg":"No $CHART_REPOSITORY defined so using the default value of: http://jenkins-x-chartmuseum:8080","time":"2019-10-02T19:16:19Z"}
{"level":"info","msg":"Adding missing Helm repo: storage.googleapis.com https://storage.googleapis.com/chartmuseum.jenkins-x.io","time":"2019-10-02T19:16:21Z"}
{"level":"info","msg":"Successfully added Helm repository storage.googleapis.com.","time":"2019-10-02T19:16:22Z"}
{"level":"info","msg":"Adding missing Helm repo: jenkins-x-chartmuseum http://jenkins-x-chartmuseum:8080","time":"2019-10-02T19:16:22Z"}
{"level":"info","msg":"Successfully added Helm repository jenkins-x-chartmuseum.","time":"2019-10-02T19:16:22Z"}
{"level":"warning","msg":"No $CHART_REPOSITORY defined so using the default value of: http://jenkins-x-chartmuseum:8080","time":"2019-10-02T19:16:22Z"}
{"level":"info","msg":"Adding missing Helm repo: chartmuseum.jenkins-x.io http://chartmuseum.jenkins-x.io","time":"2019-10-02T19:16:23Z"}
{"level":"info","msg":"Successfully added Helm repository chartmuseum.jenkins-x.io.","time":"2019-10-02T19:16:24Z"}
