
Showing logs for build [32mauth0-environment-jx-release-st-ntjxd-1[0m stage [32mfrom-build-pack[0m and container [32mstep-credential-initializer-krt5t[0m
{"level":"warn","ts":1571085238.907787,"logger":"fallback-logger","caller":"logging/config.go:69","msg":"Fetch GitHub commit ID from kodata failed: \"ref: refs/heads/master\" is not a valid GitHub commit ID"}
{"level":"info","ts":1571085238.9090495,"logger":"fallback-logger","caller":"creds-init/main.go:40","msg":"Credentials initialized."}

Showing logs for build [32mauth0-environment-jx-release-st-ntjxd-1[0m stage [32mfrom-build-pack[0m and container [32mstep-working-dir-initializer-qv22r[0m
{"level":"warn","ts":1571085239.8767614,"logger":"fallback-logger","caller":"logging/config.go:69","msg":"Fetch GitHub commit ID from kodata failed: open /var/run/ko/HEAD: no such file or directory"}
{"level":"info","ts":1571085239.8793333,"logger":"fallback-logger","caller":"bash/main.go:65","msg":"Successfully executed command \"mkdir -p /workspace/source /workspace/source/env\""}

Showing logs for build [32mauth0-environment-jx-release-st-ntjxd-1[0m stage [32mfrom-build-pack[0m and container [32mstep-place-tools[0m

Showing logs for build [32mauth0-environment-jx-release-st-ntjxd-1[0m stage [32mfrom-build-pack[0m and container [32mstep-git-source-auth0-environment-jx-release-st-crvgg[0m
{"level":"warn","ts":1571085270.8437362,"logger":"fallback-logger","caller":"logging/config.go:69","msg":"Fetch GitHub commit ID from kodata failed: \"ref: refs/heads/master\" is not a valid GitHub commit ID"}
{"level":"info","ts":1571085271.079109,"logger":"fallback-logger","caller":"git/git.go:102","msg":"Successfully cloned https://github.com/auth0/environment-**-release-staging.git @ master in path /workspace/source"}

Showing logs for build [32mauth0-environment-jx-release-st-ntjxd-1[0m stage [32mfrom-build-pack[0m and container [32mstep-git-merge[0m
{"level":"info","msg":"Using SHAs from PULL_REFS=master:05311dd6d5f5b78ac339a6ea331d40d5d269db19,10:10b2a623c77b937b9e5f3e9cfc6b8886769b01bf","time":"2019-10-14T20:34:32Z"}
{"level":"debug","msg":"ran git fetch origin 10b2a623c77b937b9e5f3e9cfc6b8886769b01bf: 05311dd6d5f5b78ac339a6ea331d40d5d269db19: in ","time":"2019-10-14T20:34:32Z"}
{"level":"debug","msg":"Unshallowed git repo in ","time":"2019-10-14T20:34:32Z"}
{"level":"debug","msg":"ran git checkout master in ","time":"2019-10-14T20:34:32Z"}
{"level":"debug","msg":"ran git reset --hard 05311dd6d5f5b78ac339a6ea331d40d5d269db19 in ","time":"2019-10-14T20:34:32Z"}
{"level":"debug","msg":"ran clean --force -d . in ","time":"2019-10-14T20:34:32Z"}
{"level":"debug","msg":"ran git merge 10b2a623c77b937b9e5f3e9cfc6b8886769b01bf in ","time":"2019-10-14T20:34:32Z"}
{"level":"info","msg":"Merged SHA 10b2a623c77b937b9e5f3e9cfc6b8886769b01bf with commit message 'chore: Promote dadjokes to version 0.0.22' into base branch master","time":"2019-10-14T20:34:32Z"}

Showing logs for build [32mauth0-environment-jx-release-st-ntjxd-1[0m stage [32mfrom-build-pack[0m and container [32mstep-build-helm-build[0m
{"level":"warning","msg":"No $CHART_REPOSITORY defined so using the default value of: http://jenkins-x-chartmuseum:8080","time":"2019-10-14T20:34:33Z"}
{"level":"info","msg":"Adding missing Helm repo: storage.googleapis.com https://storage.googleapis.com/chartmuseum.jenkins-x.io","time":"2019-10-14T20:34:34Z"}
{"level":"info","msg":"Successfully added Helm repository storage.googleapis.com.","time":"2019-10-14T20:34:36Z"}
{"level":"info","msg":"Adding missing Helm repo: jenkins-x-chartmuseum http://jenkins-x-chartmuseum:8080","time":"2019-10-14T20:34:36Z"}
{"level":"info","msg":"Successfully added Helm repository jenkins-x-chartmuseum.","time":"2019-10-14T20:34:36Z"}
{"level":"warning","msg":"No $CHART_REPOSITORY defined so using the default value of: http://jenkins-x-chartmuseum:8080","time":"2019-10-14T20:34:36Z"}
{"level":"info","msg":"Adding missing Helm repo: chartmuseum.jenkins-x.io http://chartmuseum.jenkins-x.io","time":"2019-10-14T20:34:36Z"}
{"level":"info","msg":"Successfully added Helm repository chartmuseum.jenkins-x.io.","time":"2019-10-14T20:34:37Z"}
