
Showing logs for build [32mauth0-environment-jx-release-st-7tbbd-1[0m stage [32mfrom-build-pack[0m and container [32mstep-credential-initializer-sjs9m[0m
{"level":"warn","ts":1570195910.882432,"logger":"fallback-logger","caller":"logging/config.go:69","msg":"Fetch GitHub commit ID from kodata failed: \"ref: refs/heads/master\" is not a valid GitHub commit ID"}
{"level":"info","ts":1570195910.882771,"logger":"fallback-logger","caller":"creds-init/main.go:40","msg":"Credentials initialized."}

Showing logs for build [32mauth0-environment-jx-release-st-7tbbd-1[0m stage [32mfrom-build-pack[0m and container [32mstep-working-dir-initializer-s725l[0m
{"level":"warn","ts":1570195911.821811,"logger":"fallback-logger","caller":"logging/config.go:69","msg":"Fetch GitHub commit ID from kodata failed: open /var/run/ko/HEAD: no such file or directory"}
{"level":"info","ts":1570195911.8231573,"logger":"fallback-logger","caller":"bash/main.go:65","msg":"Successfully executed command \"mkdir -p /workspace/source /workspace/source/env\""}

Showing logs for build [32mauth0-environment-jx-release-st-7tbbd-1[0m stage [32mfrom-build-pack[0m and container [32mstep-place-tools[0m

Showing logs for build [32mauth0-environment-jx-release-st-7tbbd-1[0m stage [32mfrom-build-pack[0m and container [32mstep-git-source-auth0-environment-jx-release-st-n4q4x[0m
{"level":"warn","ts":1570195940.8756354,"logger":"fallback-logger","caller":"logging/config.go:69","msg":"Fetch GitHub commit ID from kodata failed: \"ref: refs/heads/master\" is not a valid GitHub commit ID"}
{"level":"info","ts":1570195941.046453,"logger":"fallback-logger","caller":"git/git.go:102","msg":"Successfully cloned https://github.com/auth0/environment-**-release-staging.git @ master in path /workspace/source"}

Showing logs for build [32mauth0-environment-jx-release-st-7tbbd-1[0m stage [32mfrom-build-pack[0m and container [32mstep-git-merge[0m
{"level":"info","msg":"Using SHAs from PULL_REFS=master:0223d931743f7bc7316bdf8bf550d9b8b255ef97,7:ee95a5d7a6241141a88f8c82f4d6fb253c974017","time":"2019-10-04T13:32:21Z"}
{"level":"debug","msg":"ran git fetch origin ee95a5d7a6241141a88f8c82f4d6fb253c974017: 0223d931743f7bc7316bdf8bf550d9b8b255ef97: in ","time":"2019-10-04T13:32:21Z"}
{"level":"debug","msg":"Unshallowed git repo in ","time":"2019-10-04T13:32:21Z"}
{"level":"debug","msg":"ran git checkout master in ","time":"2019-10-04T13:32:21Z"}
{"level":"debug","msg":"ran git reset --hard 0223d931743f7bc7316bdf8bf550d9b8b255ef97 in ","time":"2019-10-04T13:32:21Z"}
{"level":"debug","msg":"ran clean --force -d . in ","time":"2019-10-04T13:32:21Z"}
{"level":"debug","msg":"ran git merge ee95a5d7a6241141a88f8c82f4d6fb253c974017 in ","time":"2019-10-04T13:32:21Z"}
{"level":"info","msg":"Merged SHA ee95a5d7a6241141a88f8c82f4d6fb253c974017 with commit message 'chore: Promote dadjokes to version 0.0.19' into base branch master","time":"2019-10-04T13:32:21Z"}

Showing logs for build [32mauth0-environment-jx-release-st-7tbbd-1[0m stage [32mfrom-build-pack[0m and container [32mstep-build-helm-build[0m
{"level":"warning","msg":"No $CHART_REPOSITORY defined so using the default value of: http://jenkins-x-chartmuseum:8080","time":"2019-10-04T13:32:22Z"}
{"level":"info","msg":"Adding missing Helm repo: storage.googleapis.com https://storage.googleapis.com/chartmuseum.jenkins-x.io","time":"2019-10-04T13:32:23Z"}
{"level":"info","msg":"Successfully added Helm repository storage.googleapis.com.","time":"2019-10-04T13:32:24Z"}
{"level":"info","msg":"Adding missing Helm repo: jenkins-x-chartmuseum http://jenkins-x-chartmuseum:8080","time":"2019-10-04T13:32:24Z"}
{"level":"info","msg":"Successfully added Helm repository jenkins-x-chartmuseum.","time":"2019-10-04T13:32:24Z"}
{"level":"warning","msg":"No $CHART_REPOSITORY defined so using the default value of: http://jenkins-x-chartmuseum:8080","time":"2019-10-04T13:32:24Z"}
{"level":"info","msg":"Adding missing Helm repo: chartmuseum.jenkins-x.io http://chartmuseum.jenkins-x.io","time":"2019-10-04T13:32:24Z"}
{"level":"info","msg":"Successfully added Helm repository chartmuseum.jenkins-x.io.","time":"2019-10-04T13:32:25Z"}
