
Showing logs for build [32mauth0-environment-jx-release-st-fgcl5-1[0m stage [32mfrom-build-pack[0m and container [32mstep-credential-initializer-jgljr[0m
{"level":"warn","ts":1571323381.8502898,"logger":"fallback-logger","caller":"logging/config.go:69","msg":"Fetch GitHub commit ID from kodata failed: \"ref: refs/heads/master\" is not a valid GitHub commit ID"}
{"level":"info","ts":1571323381.850705,"logger":"fallback-logger","caller":"creds-init/main.go:40","msg":"Credentials initialized."}

Showing logs for build [32mauth0-environment-jx-release-st-fgcl5-1[0m stage [32mfrom-build-pack[0m and container [32mstep-working-dir-initializer-2cn96[0m
{"level":"warn","ts":1571323384.7268674,"logger":"fallback-logger","caller":"logging/config.go:69","msg":"Fetch GitHub commit ID from kodata failed: open /var/run/ko/HEAD: no such file or directory"}
{"level":"info","ts":1571323384.727897,"logger":"fallback-logger","caller":"bash/main.go:65","msg":"Successfully executed command \"mkdir -p /workspace/source /workspace/source/env\""}

Showing logs for build [32mauth0-environment-jx-release-st-fgcl5-1[0m stage [32mfrom-build-pack[0m and container [32mstep-place-tools[0m

Showing logs for build [32mauth0-environment-jx-release-st-fgcl5-1[0m stage [32mfrom-build-pack[0m and container [32mstep-git-source-auth0-environment-jx-release-st-lh4bc[0m
{"level":"warn","ts":1571323435.8897018,"logger":"fallback-logger","caller":"logging/config.go:69","msg":"Fetch GitHub commit ID from kodata failed: \"ref: refs/heads/master\" is not a valid GitHub commit ID"}
{"level":"info","ts":1571323436.108061,"logger":"fallback-logger","caller":"git/git.go:102","msg":"Successfully cloned https://github.com/auth0/environment-**-release-staging.git @ master in path /workspace/source"}

Showing logs for build [32mauth0-environment-jx-release-st-fgcl5-1[0m stage [32mfrom-build-pack[0m and container [32mstep-git-merge[0m
{"level":"info","msg":"Using SHAs from PULL_REFS=master:2612002b0e9f3e0771501f97fd557fc8dcb16e81,11:786a0508a984112ce8de4a2164d9e842de02039f","time":"2019-10-17T14:43:57Z"}
{"level":"debug","msg":"ran git fetch origin 786a0508a984112ce8de4a2164d9e842de02039f: 2612002b0e9f3e0771501f97fd557fc8dcb16e81: in ","time":"2019-10-17T14:43:57Z"}
{"level":"debug","msg":"Unshallowed git repo in ","time":"2019-10-17T14:43:57Z"}
{"level":"debug","msg":"ran git checkout master in ","time":"2019-10-17T14:43:57Z"}
{"level":"debug","msg":"ran git reset --hard 2612002b0e9f3e0771501f97fd557fc8dcb16e81 in ","time":"2019-10-17T14:43:57Z"}
{"level":"debug","msg":"ran clean --force -d . in ","time":"2019-10-17T14:43:57Z"}
{"level":"debug","msg":"ran git merge 786a0508a984112ce8de4a2164d9e842de02039f in ","time":"2019-10-17T14:43:57Z"}
{"level":"info","msg":"Merged SHA 786a0508a984112ce8de4a2164d9e842de02039f with commit message 'chore: Promote dadjokes to version 0.0.23' into base branch master","time":"2019-10-17T14:43:57Z"}

Showing logs for build [32mauth0-environment-jx-release-st-fgcl5-1[0m stage [32mfrom-build-pack[0m and container [32mstep-build-helm-build[0m
{"level":"warning","msg":"No $CHART_REPOSITORY defined so using the default value of: http://jenkins-x-chartmuseum:8080","time":"2019-10-17T14:43:58Z"}
{"level":"info","msg":"Adding missing Helm repo: storage.googleapis.com https://storage.googleapis.com/chartmuseum.jenkins-x.io","time":"2019-10-17T14:43:59Z"}
{"level":"info","msg":"Successfully added Helm repository storage.googleapis.com.","time":"2019-10-17T14:44:01Z"}
{"level":"info","msg":"Adding missing Helm repo: jenkins-x-chartmuseum http://jenkins-x-chartmuseum:8080","time":"2019-10-17T14:44:01Z"}
{"level":"info","msg":"Successfully added Helm repository jenkins-x-chartmuseum.","time":"2019-10-17T14:44:01Z"}
{"level":"warning","msg":"No $CHART_REPOSITORY defined so using the default value of: http://jenkins-x-chartmuseum:8080","time":"2019-10-17T14:44:01Z"}
{"level":"info","msg":"Adding missing Helm repo: chartmuseum.jenkins-x.io http://chartmuseum.jenkins-x.io","time":"2019-10-17T14:44:01Z"}
{"level":"info","msg":"Successfully added Helm repository chartmuseum.jenkins-x.io.","time":"2019-10-17T14:44:03Z"}
