
Showing logs for build [32mauth0-environment-jx-release-st-p4kn7-1[0m stage [32mfrom-build-pack[0m and container [32mstep-credential-initializer-8z4lh[0m
{"level":"warn","ts":1571049329.1782472,"logger":"fallback-logger","caller":"logging/config.go:69","msg":"Fetch GitHub commit ID from kodata failed: \"ref: refs/heads/master\" is not a valid GitHub commit ID"}
{"level":"info","ts":1571049329.179236,"logger":"fallback-logger","caller":"creds-init/main.go:40","msg":"Credentials initialized."}

Showing logs for build [32mauth0-environment-jx-release-st-p4kn7-1[0m stage [32mfrom-build-pack[0m and container [32mstep-working-dir-initializer-d2ql2[0m
{"level":"warn","ts":1571049330.3997517,"logger":"fallback-logger","caller":"logging/config.go:69","msg":"Fetch GitHub commit ID from kodata failed: open /var/run/ko/HEAD: no such file or directory"}
{"level":"info","ts":1571049330.4056766,"logger":"fallback-logger","caller":"bash/main.go:65","msg":"Successfully executed command \"mkdir -p /workspace/source /workspace/source/env\""}

Showing logs for build [32mauth0-environment-jx-release-st-p4kn7-1[0m stage [32mfrom-build-pack[0m and container [32mstep-place-tools[0m

Showing logs for build [32mauth0-environment-jx-release-st-p4kn7-1[0m stage [32mfrom-build-pack[0m and container [32mstep-git-source-auth0-environment-jx-release-st-56wqd[0m
{"level":"warn","ts":1571049359.5451431,"logger":"fallback-logger","caller":"logging/config.go:69","msg":"Fetch GitHub commit ID from kodata failed: \"ref: refs/heads/master\" is not a valid GitHub commit ID"}
{"level":"info","ts":1571049359.7020245,"logger":"fallback-logger","caller":"git/git.go:102","msg":"Successfully cloned https://github.com/auth0/environment-**-release-staging.git @ master in path /workspace/source"}

Showing logs for build [32mauth0-environment-jx-release-st-p4kn7-1[0m stage [32mfrom-build-pack[0m and container [32mstep-git-merge[0m
{"level":"info","msg":"Using SHAs from PULL_REFS=master:5ae7c54afb40215beb6291b16694c205dfa9b539,9:31a490acaf060692b29e94d6dd7df385a592cafc","time":"2019-10-14T10:35:59Z"}
{"level":"debug","msg":"ran git fetch --unshallow origin 31a490acaf060692b29e94d6dd7df385a592cafc: 5ae7c54afb40215beb6291b16694c205dfa9b539: in ","time":"2019-10-14T10:36:00Z"}
{"level":"debug","msg":"ran git checkout master in ","time":"2019-10-14T10:36:00Z"}
{"level":"debug","msg":"ran git reset --hard 5ae7c54afb40215beb6291b16694c205dfa9b539 in ","time":"2019-10-14T10:36:00Z"}
{"level":"debug","msg":"ran clean --force -d . in ","time":"2019-10-14T10:36:00Z"}
{"level":"debug","msg":"ran git merge 31a490acaf060692b29e94d6dd7df385a592cafc in ","time":"2019-10-14T10:36:00Z"}
{"level":"info","msg":"Merged SHA 31a490acaf060692b29e94d6dd7df385a592cafc with commit message 'chore: Promote dadjokes to version 0.0.21' into base branch master","time":"2019-10-14T10:36:00Z"}

Showing logs for build [32mauth0-environment-jx-release-st-p4kn7-1[0m stage [32mfrom-build-pack[0m and container [32mstep-build-helm-build[0m
{"level":"warning","msg":"No $CHART_REPOSITORY defined so using the default value of: http://jenkins-x-chartmuseum:8080","time":"2019-10-14T10:36:00Z"}
{"level":"info","msg":"Adding missing Helm repo: storage.googleapis.com https://storage.googleapis.com/chartmuseum.jenkins-x.io","time":"2019-10-14T10:36:02Z"}
{"level":"info","msg":"Successfully added Helm repository storage.googleapis.com.","time":"2019-10-14T10:36:03Z"}
{"level":"info","msg":"Adding missing Helm repo: jenkins-x-chartmuseum http://jenkins-x-chartmuseum:8080","time":"2019-10-14T10:36:03Z"}
{"level":"info","msg":"Successfully added Helm repository jenkins-x-chartmuseum.","time":"2019-10-14T10:36:03Z"}
{"level":"warning","msg":"No $CHART_REPOSITORY defined so using the default value of: http://jenkins-x-chartmuseum:8080","time":"2019-10-14T10:36:03Z"}
{"level":"info","msg":"Adding missing Helm repo: chartmuseum.jenkins-x.io http://chartmuseum.jenkins-x.io","time":"2019-10-14T10:36:03Z"}
{"level":"info","msg":"Successfully added Helm repository chartmuseum.jenkins-x.io.","time":"2019-10-14T10:36:05Z"}
