
Showing logs for build [32mauth0-environment-jx-release-st-wr4l4-1[0m stage [32mfrom-build-pack[0m and container [32mstep-credential-initializer-gbsmp[0m
{"level":"warn","ts":1571742296.9819233,"logger":"fallback-logger","caller":"logging/config.go:69","msg":"Fetch GitHub commit ID from kodata failed: \"ref: refs/heads/master\" is not a valid GitHub commit ID"}
{"level":"info","ts":1571742296.9829,"logger":"fallback-logger","caller":"creds-init/main.go:40","msg":"Credentials initialized."}

Showing logs for build [32mauth0-environment-jx-release-st-wr4l4-1[0m stage [32mfrom-build-pack[0m and container [32mstep-working-dir-initializer-ltqp6[0m
{"level":"warn","ts":1571742298.213454,"logger":"fallback-logger","caller":"logging/config.go:69","msg":"Fetch GitHub commit ID from kodata failed: open /var/run/ko/HEAD: no such file or directory"}
{"level":"info","ts":1571742298.2189512,"logger":"fallback-logger","caller":"bash/main.go:65","msg":"Successfully executed command \"mkdir -p /workspace/source /workspace/source/env\""}

Showing logs for build [32mauth0-environment-jx-release-st-wr4l4-1[0m stage [32mfrom-build-pack[0m and container [32mstep-place-tools[0m

Showing logs for build [32mauth0-environment-jx-release-st-wr4l4-1[0m stage [32mfrom-build-pack[0m and container [32mstep-git-source-auth0-environment-jx-release-st-hkfn9[0m
{"level":"warn","ts":1571742328.2498178,"logger":"fallback-logger","caller":"logging/config.go:69","msg":"Fetch GitHub commit ID from kodata failed: \"ref: refs/heads/master\" is not a valid GitHub commit ID"}
{"level":"info","ts":1571742328.475136,"logger":"fallback-logger","caller":"git/git.go:102","msg":"Successfully cloned https://github.com/auth0/environment-**-release-staging.git @ master in path /workspace/source"}

Showing logs for build [32mauth0-environment-jx-release-st-wr4l4-1[0m stage [32mfrom-build-pack[0m and container [32mstep-git-merge[0m
{"level":"info","msg":"Using SHAs from PULL_REFS=master:c1e2c0a8af8dbcbacfb971e30df707720fa5c93f,13:a066fa41c0c7450fdd8a7ca1cb942d001bf95c07","time":"2019-10-22T11:05:29Z"}
{"level":"debug","msg":"ran git fetch origin a066fa41c0c7450fdd8a7ca1cb942d001bf95c07: c1e2c0a8af8dbcbacfb971e30df707720fa5c93f: in ","time":"2019-10-22T11:05:29Z"}
{"level":"debug","msg":"Unshallowed git repo in ","time":"2019-10-22T11:05:30Z"}
{"level":"debug","msg":"ran git checkout master in ","time":"2019-10-22T11:05:30Z"}
{"level":"debug","msg":"ran git reset --hard c1e2c0a8af8dbcbacfb971e30df707720fa5c93f in ","time":"2019-10-22T11:05:30Z"}
{"level":"debug","msg":"ran clean --force -d . in ","time":"2019-10-22T11:05:30Z"}
{"level":"debug","msg":"ran git merge a066fa41c0c7450fdd8a7ca1cb942d001bf95c07 in ","time":"2019-10-22T11:05:30Z"}
{"level":"info","msg":"Merged SHA a066fa41c0c7450fdd8a7ca1cb942d001bf95c07 with commit message 'chore: Promote dadjokes to version 0.0.25' into base branch master","time":"2019-10-22T11:05:30Z"}

Showing logs for build [32mauth0-environment-jx-release-st-wr4l4-1[0m stage [32mfrom-build-pack[0m and container [32mstep-build-helm-build[0m
{"level":"warning","msg":"No $CHART_REPOSITORY defined so using the default value of: http://jenkins-x-chartmuseum:8080","time":"2019-10-22T11:05:30Z"}
{"level":"info","msg":"Adding missing Helm repo: storage.googleapis.com https://storage.googleapis.com/chartmuseum.jenkins-x.io","time":"2019-10-22T11:05:32Z"}
{"level":"info","msg":"Successfully added Helm repository storage.googleapis.com.","time":"2019-10-22T11:05:33Z"}
{"level":"info","msg":"Adding missing Helm repo: jenkins-x-chartmuseum http://jenkins-x-chartmuseum:8080","time":"2019-10-22T11:05:33Z"}
{"level":"info","msg":"Successfully added Helm repository jenkins-x-chartmuseum.","time":"2019-10-22T11:05:33Z"}
{"level":"warning","msg":"No $CHART_REPOSITORY defined so using the default value of: http://jenkins-x-chartmuseum:8080","time":"2019-10-22T11:05:33Z"}
{"level":"info","msg":"Adding missing Helm repo: chartmuseum.jenkins-x.io http://chartmuseum.jenkins-x.io","time":"2019-10-22T11:05:33Z"}
{"level":"info","msg":"Successfully added Helm repository chartmuseum.jenkins-x.io.","time":"2019-10-22T11:05:34Z"}
